{
  "RSpec": {
    "coverage": {
      "/home/gdlk/c3/townflow/neewom/spec/dummy/app/helpers/application_helper.rb": {
        "lines": [
          1,
          1,
          4,
          null,
          null,
          1,
          2,
          null,
          null
        ]
      },
      "/home/gdlk/c3/townflow/neewom/spec/dummy/app/models/user.rb": {
        "lines": [
          1,
          1,
          null,
          1,
          null,
          1,
          6,
          null,
          null
        ]
      },
      "/home/gdlk/c3/townflow/neewom/spec/dummy/app/models/application_record.rb": {
        "lines": [
          1,
          1,
          null
        ]
      },
      "/home/gdlk/c3/townflow/neewom/spec/dummy/app/controllers/users_controller.rb": {
        "lines": [
          1,
          1,
          16,
          null,
          null,
          1,
          1,
          1,
          null,
          null,
          1,
          1,
          null,
          1,
          1,
          null,
          0,
          null,
          null,
          null,
          1,
          1,
          null,
          1,
          null,
          null,
          1,
          1,
          null,
          1,
          1,
          null,
          0,
          null,
          null,
          null,
          1,
          0,
          0,
          null,
          0,
          null,
          null,
          1,
          null,
          1,
          2,
          null,
          null,
          1,
          2,
          null,
          1,
          null,
          1,
          2,
          null,
          1,
          null,
          1,
          14,
          null,
          null,
          null,
          null,
          null,
          null,
          null,
          null,
          null,
          8,
          null,
          null,
          null,
          null,
          null,
          null,
          null,
          null,
          null,
          null,
          null,
          null,
          null,
          null,
          null,
          null,
          null,
          null,
          null,
          null,
          null,
          null,
          null,
          null,
          null,
          null,
          null,
          null,
          null,
          null,
          null,
          null,
          null,
          null,
          null,
          1,
          null
        ]
      },
      "/home/gdlk/c3/townflow/neewom/spec/dummy/app/controllers/application_controller.rb": {
        "lines": [
          1,
          null
        ]
      },
      "/home/gdlk/c3/townflow/neewom/spec/dummy/app/models/managers.rb": {
        "lines": [
          1,
          1,
          null,
          2,
          null,
          null,
          null
        ]
      },
      "/home/gdlk/c3/townflow/neewom/spec/dummy/app/channels/application_cable/connection.rb": {
        "lines": [
          0,
          0,
          0,
          0
        ],
        "branches": {
        }
      },
      "/home/gdlk/c3/townflow/neewom/spec/dummy/app/channels/application_cable/channel.rb": {
        "lines": [
          0,
          0,
          0,
          0
        ],
        "branches": {
        }
      },
      "/home/gdlk/c3/townflow/neewom/spec/dummy/app/jobs/application_job.rb": {
        "lines": [
          0,
          null,
          null,
          null,
          null,
          null,
          0
        ],
        "branches": {
        }
      },
      "/home/gdlk/c3/townflow/neewom/spec/dummy/app/mailers/application_mailer.rb": {
        "lines": [
          0,
          0,
          0,
          0
        ],
        "branches": {
        }
      }
    },
    "timestamp": 1624720426
  }
}
